# Hibs Racing — Data Room Export Log
# Generated: 2026-05-31 (local Mac, peak config)
# Config: min_place_ev=0.05, min_combo_bayes_place=0.22, HIBS_HARVILLE_CORRECTION=1

## Bundle: Master 18k Track Record

| File | Period | Rows | sample_type split |
|------|--------|------|-------------------|
| Hibs_Racing_Master_18k_TrackRecord.csv | 2025-11-01 → 2026-05-19 | 18,719 | 16,541 calibration + 2,178 oos_holdout |
| Hibs_Racing_Backtest_NovApr2026_TrackRecord.csv | 2025-11-01 → 2026-04-30 | 16,541 | in-sample (train_end 2026-04-30) |
| Hibs_Racing_OOS_PhaseA_May2026_TrackRecord.csv | 2026-05-01 → 2026-05-19 | 2,178 | pure OOS holdout |

## Verified replay metrics (backtest-replay)

### Nov 2025 – Apr 2026 (calibration)
- ROI: +116.37% at SP
- Value picks: 16,541
- Place hit rate: 26.8%
- Top-1 win rate: 81.3%
- Races: 6,676 / 178 days

### May 2026 (OOS holdout)
- ROI: +124.14% at SP
- Value picks: 2,178
- Place hit rate: 24.7%
- Top-1 win rate: 79.9%
- Races: 921 / 19 days

### Combined ledger (Nov–May, DB after --keep merge)
- Total backtest rows: 18,719
- Blended ROI: +117.27% at SP
- Blended place hit rate: 26.6%

## Build commands

```bash
cd ~/hibs-racing && source .venv/bin/activate
export HIBS_HARVILLE_CORRECTION=1
hibs-racing backtest-replay --start 2025-11-01 --end 2026-04-30
hibs-racing backtest-replay --start 2026-05-01 --end 2026-05-19 --keep \
  --export-ledger --export-path exports/Hibs_Racing_OOS_PhaseA_May2026_TrackRecord.csv
hibs-racing export-backtest-master --start 2025-11-01 --end 2026-05-19 \
  --export-path exports/Hibs_Racing_Master_18k_TrackRecord.csv
```

## Buyer delivery
CSV files are gitignored — upload via Acquire secure data room or direct transfer.
SHA-256 verification_hash column on every row; public verifier: /tracker?backtest=1
